<?xml version="1.0" encoding="UTF-8"?>
<!-- Generated by org.testng.reporters.JUnitReportReporter -->
<testsuite hostname="DESKTOP-E57FEQI" failures="0" tests="1" name="TestNG.Log4jExample" time="95.440" errors="0" timestamp="2023-04-15T15:47:00 IST" skipped="0">
  <testcase classname="TestNG.Log4jExample" name="TC1" time="95.440"/>
  <system-out/>
</testsuite> <!-- TestNG.Log4jExample -->
