<?xml version="1.0" encoding="UTF-8"?>
<!-- Generated by org.testng.reporters.JUnitReportReporter -->
<testsuite hostname="DESKTOP-E57FEQI" failures="0" tests="1" name="TestNG.sample3" time="0.040" errors="0" timestamp="2023-03-31T20:45:20 IST" skipped="0">
  <testcase classname="TestNG.sample3" name="TC9" time="0.040"/>
  <system-out>
    <![CDATA[running TC9]]>
  </system-out>
</testsuite> <!-- TestNG.sample3 -->
