<?xml version="1.0" encoding="UTF-8"?>
<!-- Generated by org.testng.reporters.JUnitReportReporter -->
<testsuite hostname="DESKTOP-E57FEQI" failures="0" tests="1" name="TestNG.Parallel2" time="71.062" errors="0" timestamp="2023-04-01T20:18:31 IST" skipped="0">
  <testcase classname="TestNG.Parallel2" name="TC1" time="71.062"/>
  <system-out/>
</testsuite> <!-- TestNG.Parallel2 -->
