<?xml version="1.0" encoding="UTF-8"?>
<!-- Generated by org.testng.reporters.JUnitReportReporter -->
<testsuite hostname="DESKTOP-E57FEQI" failures="0" tests="1" name="DDF_POM_TestNG_BaseClass_Utility.GitHubTest" time="54.079" errors="0" timestamp="2023-04-13T20:00:36 IST" skipped="0">
  <testcase classname="DDF_POM_TestNG_BaseClass_Utility.GitHubTest" name="test" time="54.079"/>
  <system-out/>
</testsuite> <!-- DDF_POM_TestNG_BaseClass_Utility.GitHubTest -->
