<?xml version="1.0" encoding="UTF-8"?>
<!-- Generated by org.testng.reporters.JUnitReportReporter -->
<testsuite hostname="DESKTOP-E57FEQI" failures="0" tests="3" name="TestNG.TestNG_Group" time="0.068" errors="0" timestamp="2023-04-01T20:26:29 IST" skipped="0">
  <testcase classname="TestNG.TestNG_Group" name="TC2" time="0.046"/>
  <system-out>
    <![CDATA[running TC2]]>
  </system-out>
  <testcase classname="TestNG.TestNG_Group" name="TC4" time="0.014"/>
  <system-out>
    <![CDATA[running TC4]]>
  </system-out>
  <testcase classname="TestNG.TestNG_Group" name="TC7" time="0.008"/>
  <system-out>
    <![CDATA[running TC7]]>
  </system-out>
</testsuite> <!-- TestNG.TestNG_Group -->
