<?xml version="1.0" encoding="UTF-8"?>
<!-- Generated by org.testng.reporters.JUnitReportReporter -->
<testsuite hostname="DESKTOP-E57FEQI" failures="0" tests="5" name="TestNG.dataProviderAnnotations" time="0.064" errors="0" timestamp="2023-04-02T15:33:59 IST" skipped="0">
  <testcase classname="TestNG.dataProviderAnnotations" name="TC1" time="0.005"/>
  <system-out/>
  <testcase classname="TestNG.dataProviderAnnotations" name="TC1" time="0.011"/>
  <system-out/>
  <testcase classname="TestNG.dataProviderAnnotations" name="TC1" time="0.023"/>
  <system-out/>
  <testcase classname="TestNG.dataProviderAnnotations" name="TC1" time="0.021"/>
  <system-out/>
  <testcase classname="TestNG.dataProviderAnnotations" name="TC1" time="0.004"/>
  <system-out/>
</testsuite> <!-- TestNG.dataProviderAnnotations -->
