<?xml version="1.0" encoding="UTF-8"?>
<!-- Generated by org.testng.reporters.JUnitReportReporter -->
<testsuite hostname="DESKTOP-E57FEQI" failures="0" tests="1" name="TestNG.testNG" time="0.049" errors="0" timestamp="2023-03-29T20:24:21 IST" skipped="0">
  <testcase classname="TestNG.testNG" name="test" time="0.049"/>
  <system-out>
    <![CDATA[running test method
running test method]]>
  </system-out>
</testsuite> <!-- TestNG.testNG -->
